760fa662-89cf-4ebd-9664-150b7637ddd4
b15bff81787556b22df0db4ff076f2c048cacb20b56bd322066c48457510df3906161eddc2292061a189462bb3e16422a0d859b2d5c402ddf90886d8028512aa
434
