760fa662-89cf-4ebd-9664-150b7637ddd4
3af7a51f182252ed7e234c2296c19f4ab1fc2fb6685bec7cf74489443d0ca694ce04d721dcb440f274f37fe07773f6b70952ff56e882d3d83129cf696a835edd
342
