760fa662-89cf-4ebd-9664-150b7637ddd4
6771c5866050fcd0ba1397be23d0cfda6bd9c85b244511fbc85fe563d85c3fe8a2250bd63d764658e76960718cc10443a5eb04908748b6492bff8863e85c74f3
770
