760fa662-89cf-4ebd-9664-150b7637ddd4
d099f5ac14396a6d6093efe1dd44f8455a1a737a41f208f728480de662d280d4fb17f846cf9c86966230315a344023fbb2c36c3511699d45f22208a16551bc33
289
