760fa662-89cf-4ebd-9664-150b7637ddd4
6c9a17ca1c548a9f3981101c2dcee35447d20e19dd117d7b7e5e3d557807adecbc8a589b317ef693366fcd4bdcc8988ba6ebcb7b3b3fa78a447a692ae43a5fb2
3651
