760fa662-89cf-4ebd-9664-150b7637ddd4
b9ecedf2551b4cf61a70863b807c064460f0b29c8c60b9a76adb151bcd0c65a466f5e827ef31ae6f6101eb68b89ffad4b5670598b79bcd3533804414c6ee5987
877
