760fa662-89cf-4ebd-9664-150b7637ddd4
1c840c308794dc3000167629af3a230e962c30955a31b48e5e44e3865d35d8ddefd052d3bfecf38d1a54ad5691945ffbdef9f0fb9caa3bf8b8d1fac7c4cb2205
369
