760fa662-89cf-4ebd-9664-150b7637ddd4
841e18395864d66658abfb7ca1fe45a781456da456e5084f13e0ecb7e8e9262db6e67bdbc1eb38df313fa016261ef8843fcca236cc97be903d91f503c26b5af0
452
