760fa662-89cf-4ebd-9664-150b7637ddd4
6d2c74c70569feed235db70fdb646c813ce9453b5e7fae6d5fe8c818d0ce820fc155eef8426d8f3263cff45cd4b78542d5524aa1d5efbb84e43698c1d4466f55
3179
